<?xml version="1.0" encoding="UTF-8"?>
<testsuites name="Mocha Tests" time="16.2430" tests="1" failures="0">
  <testsuite name="Root Suite" timestamp="2022-11-22T07:28:38" tests="0" file="cypress/book/home_console/home_console.spec.js" time="0.0000" failures="0">
  </testsuite>
  <testsuite name="home name testing" timestamp="2022-11-22T07:28:38" tests="1" time="16.2430" failures="0">
    <testcase name="home name testing home name testing" time="16.2430" classname="home name testing">
    </testcase>
  </testsuite>
</testsuites>