<?xml version="1.0" encoding="UTF-8"?>
<testsuites name="Mocha Tests" time="0.0000" tests="1" failures="1">
  <testsuite name="Root Suite" timestamp="2022-11-30T08:35:11" tests="0" file="cypress/book/dut_reserve/dut_reserve.spec.js" time="0.0000" failures="0">
  </testsuite>
  <testsuite name="dut_reserve testing" timestamp="2022-11-30T08:35:11" tests="1" time="0.0000" failures="1">
    <testcase name="dut_reserve testing dut_reserve testing" time="0.0000" classname="dut_reserve testing">
      <failure message="Timed out retrying after 10000ms: Expected to find element: `.el-message-box__btns button`, but never found it." type="AssertionError"><![CDATA[AssertionError: Timed out retrying after 10000ms: Expected to find element: `.el-message-box__btns button`, but never found it.
    at Dut_Reserve.submitbuttonClick (https://booking-dev.clounix.com/__cypress/tests?p=cypress\book\dut_reserve\dut_reserve.spec.js:215:8)
    at Context.eval (https://booking-dev.clounix.com/__cypress/tests?p=cypress\book\dut_reserve\dut_reserve.spec.js:267:27)]]></failure>
    </testcase>
  </testsuite>
</testsuites>