<?xml version="1.0" encoding="UTF-8"?>
<testsuites name="Mocha Tests" time="0.0000" tests="1" failures="1">
  <testsuite name="Root Suite" timestamp="2022-11-30T08:38:24" tests="0" file="cypress/book/user_crud/user_crud_spec.js" time="0.0000" failures="0">
  </testsuite>
  <testsuite name="user crud testing" timestamp="2022-11-30T08:38:24" tests="1" time="0.0000" failures="1">
    <testcase name="user crud testing user crud testing" time="0.0000" classname="user crud testing">
      <failure message="Timed out retrying after 10050ms: `cy.click()` failed because this element:

`&lt;button class=&quot;el-button el-button--primary el-button--small&quot; type=&quot;button&quot; data-v-3cec7abc=&quot;&quot; style=&quot;--el-button-bg-color:#409eff; --el-button-border-color:#409eff; --el-button-hover-bg-color:rgb(102, 177, 255); --el-button-hover-border-color:rgb(102, 177, 255); --el-button-active-bg-color:rgb(58, 142, 230); --el-button-active-border-color:rgb(58, 142, 230);&quot;&gt;...&lt;/button&gt;`

is being covered by another element:

`&lt;div class=&quot;el-overlay-dialog&quot;&gt;...&lt;/div&gt;`

Fix this problem, or use {force: true} to disable error checking.

https://on.cypress.io/element-cannot-be-interacted-with" type="CypressError"><![CDATA[CypressError: Timed out retrying after 10050ms: `cy.click()` failed because this element:

`<button class="el-button el-button--primary el-button--small" type="button" data-v-3cec7abc="" style="--el-button-bg-color:#409eff; --el-button-border-color:#409eff; --el-button-hover-bg-color:rgb(102, 177, 255); --el-button-hover-border-color:rgb(102, 177, 255); --el-button-active-bg-color:rgb(58, 142, 230); --el-button-active-border-color:rgb(58, 142, 230);">...</button>`

is being covered by another element:

`<div class="el-overlay-dialog">...</div>`

Fix this problem, or use {force: true} to disable error checking.

https://on.cypress.io/element-cannot-be-interacted-with
    at $Cy.ensureDescendents (https://booking-dev.clounix.com/__cypress/runner/cypress_runner.js:168905:78)
    at ensureDescendents (https://booking-dev.clounix.com/__cypress/runner/cypress_runner.js:154402:8)
    at ensureDescendentsAndScroll (https://booking-dev.clounix.com/__cypress/runner/cypress_runner.js:154409:14)
    at ensureElIsNotCovered (https://booking-dev.clounix.com/__cypress/runner/cypress_runner.js:154541:5)
    at runAllChecks (https://booking-dev.clounix.com/__cypress/runner/cypress_runner.js:154731:52)
    at retryActionability (https://booking-dev.clounix.com/__cypress/runner/cypress_runner.js:154755:16)
    at tryCatcher (https://booking-dev.clounix.com/__cypress/runner/cypress_runner.js:13022:23)
    at Function.Promise.attempt.Promise.try (https://booking-dev.clounix.com/__cypress/runner/cypress_runner.js:10296:29)
    at whenStable (https://booking-dev.clounix.com/__cypress/runner/cypress_runner.js:173835:65)
    at https://booking-dev.clounix.com/__cypress/runner/cypress_runner.js:173290:14
    at tryCatcher (https://booking-dev.clounix.com/__cypress/runner/cypress_runner.js:13022:23)
    at Promise._settlePromiseFromHandler (https://booking-dev.clounix.com/__cypress/runner/cypress_runner.js:10957:31)
    at Promise._settlePromise (https://booking-dev.clounix.com/__cypress/runner/cypress_runner.js:11014:18)
    at Promise._settlePromise0 (https://booking-dev.clounix.com/__cypress/runner/cypress_runner.js:11059:10)
    at Promise._settlePromises (https://booking-dev.clounix.com/__cypress/runner/cypress_runner.js:11139:18)
    at Promise._fulfill (https://booking-dev.clounix.com/__cypress/runner/cypress_runner.js:11083:18)
From Your Spec Code:
    at User_Crud.curd_opearations_viewClick (https://booking-dev.clounix.com/__cypress/tests?p=cypress\book\user_crud\user_crud_spec.js:437:32)
    at Context.eval (https://booking-dev.clounix.com/__cypress/tests?p=cypress\book\user_crud\user_crud_spec.js:543:20)]]></failure>
    </testcase>
  </testsuite>
</testsuites>