<?xml version="1.0" encoding="UTF-8"?>
<testsuites name="Mocha Tests" time="1.2130" tests="4" failures="0" skipped="3">
  <testsuite name="Root Suite" timestamp="2022-11-22T07:30:49" tests="0" file="cypress/book/login/login.spec.js" time="0.0000" failures="0">
  </testsuite>
  <testsuite name="登录测试" timestamp="2022-11-22T07:30:49" tests="4" time="1.2130" failures="0">
    <testcase name="登录测试 输入正确的用户名和密码，可以登录成功" time="1.2130" classname="输入正确的用户名和密码，可以登录成功">
    </testcase>
  </testsuite>
</testsuites>