<?xml version="1.0" encoding="UTF-8"?>
<testsuites name="Mocha Tests" time="8.3010" tests="1" failures="0">
  <testsuite name="Root Suite" timestamp="2022-11-22T07:27:53" tests="0" file="cypress/book/dut_irac/dut_irac.spec.js" time="0.0000" failures="0">
  </testsuite>
  <testsuite name="dut_irac testing" timestamp="2022-11-22T07:27:53" tests="1" time="8.3010" failures="0">
    <testcase name="dut_irac testing dut_irac testing" time="8.3010" classname="dut_irac testing">
    </testcase>
  </testsuite>
</testsuites>