<?xml version="1.0" encoding="UTF-8"?>
<testsuites name="Mocha Tests" time="0.0000" tests="1" failures="1">
  <testsuite name="Root Suite" timestamp="2022-11-30T08:33:46" tests="0" file="cypress/book/dut_curd/dut_curd.spec.js" time="0.0000" failures="0">
  </testsuite>
  <testsuite name="dut curd testing" timestamp="2022-11-30T08:33:46" tests="1" time="0.0000" failures="1">
    <testcase name="dut curd testing dut curd testing" time="0.0000" classname="dut curd testing">
      <failure message="Timed out retrying after 10000ms: Expected to find element: `.el-table__fixed-body-wrapper table tbody tr td div`, but never found it." type="AssertionError"><![CDATA[AssertionError: Timed out retrying after 10000ms: Expected to find element: `.el-table__fixed-body-wrapper table tbody tr td div`, but never found it.
    at Dut_Curd.pagebuttonlastClick (https://booking-dev.clounix.com/__cypress/tests?p=cypress\book\dut_curd\dut_curd.spec.js:193:8)
    at Context.eval (https://booking-dev.clounix.com/__cypress/tests?p=cypress\book\dut_curd\dut_curd.spec.js:274:19)]]></failure>
    </testcase>
  </testsuite>
</testsuites>